Arguments: 
  C:\Program Files\nodejs\node.exe C:\Users\Alexx\AppData\Roaming\npm\node_modules\yarn\bin\yarn.js

PATH: 
  C:\Program Files (x86)\Common Files\Oracle\Java\javapath;C:\Program Files (x86)\Common Files\Intel\Shared Libraries\redist\intel64\compiler;C:\ProgramData\Oracle\Java\javapath;C:\Program Files (x86)\Intel\iCLS Client\;C:\Program Files\Intel\iCLS Client\;C:\Windows\system32;C:\Windows;C:\Windows\System32\Wbem;C:\Windows\System32\WindowsPowerShell\v1.0\;C:\Program Files (x86)\Intel\Intel(R) Management Engine Components\DAL;C:\Program Files\Intel\Intel(R) Management Engine Components\DAL;C:\Program Files (x86)\Intel\Intel(R) Management Engine Components\IPT;C:\Program Files\Intel\Intel(R) Management Engine Components\IPT;C:\Program Files (x86)\NVIDIA Corporation\PhysX\Common;C:\Program Files (x86)\Common Files\Acronis\VirtualFile\;C:\Program Files (x86)\Common Files\Acronis\VirtualFile64\;C:\Program Files (x86)\Common Files\Acronis\SnapAPI\;C:\WINDOWS\system32;C:\WINDOWS;C:\WINDOWS\System32\Wbem;C:\WINDOWS\System32\WindowsPowerShell\v1.0\;C:\Program Files\Intel\WiFi\bin\;C:\Program Files\Common Files\Intel\WirelessCommon\;C:\Program Files (x86)\GtkSharp\2.12\bin;C:\xampp\mysql\bin;C:\ProgramData\ComposerSetup\bin;C:\bin;C:\xampp2\php;C:\Program Files\PuTTY\;C:\WINDOWS\System32\OpenSSH\;C:\Program Files\NVIDIA Corporation\NVIDIA NvDLISR;C:\WINDOWS\system32;C:\WINDOWS;C:\WINDOWS\System32\Wbem;C:\WINDOWS\System32\WindowsPowerShell\v1.0\;C:\WINDOWS\System32\OpenSSH\;C:\wamp64\bin\php\php5.6.25;C:\Ruby25-x64\bin;C:\Program Files\Git\bin\bash.exe;C:\Program Files\nodejs\;C:\Python\Python39\Scripts\;C:\Python\Python39\;C:\Users\Alexx\AppData\Local\Microsoft\WindowsApps;C:\Users\Alexx\AppData\Roaming\Composer\vendor\bin;C:\Users\Alexx\AppData\Local\atom\bin;C:\Users\Alexx\AppData\Local\Microsoft\WindowsApps;C:\Users\Alexx\AppData\Roaming\Dashlane\4.6.6.23032\bin\Firefox_Extension\{442718d9-475e-452a-b3e1-fb1ee16b8e9f}\components;C:\Users\Alexx\AppData\Roaming\Dashlane\6.3.0.12323\bin\Firefox_Extension\{442718d9-475e-452a-b3e1-fb1ee16b8e9f}\components;C:\Users\Alexx\AppData\Roaming\Dashlane\6.3.0.12323\ucrt;C:\Users\Alexx\AppData\Roaming\Dashlane\6.3.0.12323\bin\Qt;C:\Users\Alexx\AppData\Roaming\Dashlane\6.3.0.12323\ucrt;C:\Users\Alexx\AppData\Roaming\Dashlane\6.3.0.12323\bin\Ssl;C:\Users\Alexx\AppData\Local\Programs\Microsoft VS Code\bin;C:\Program Files\nodejs;C:\Users\Alexx\AppData\Roaming\npm

Yarn version: 
  1.22.11

Node version: 
  14.17.1

Platform: 
  win32 x64

Trace: 
  SyntaxError: C:\Users\Alexx\Desktop\mern\package.json: Unexpected token } in JSON at position 394
      at JSON.parse (<anonymous>)
      at C:\Users\Alexx\AppData\Roaming\npm\node_modules\yarn\lib\cli.js:1625:59
      at Generator.next (<anonymous>)
      at step (C:\Users\Alexx\AppData\Roaming\npm\node_modules\yarn\lib\cli.js:310:30)
      at C:\Users\Alexx\AppData\Roaming\npm\node_modules\yarn\lib\cli.js:321:13

npm manifest: 
  {
    "name": "first-mern-project",
    "version": "1.0.0",
    "description": "My very first MERN application!!! Whoo",
    "main": "index.js",
    "author": "Alexandria Lindsay",
    "license": "MIT",
  
    "dependencies": {
      "@hot-loader/react-dom": "16.13.0",
      "express": "4.17.1",
      "mongodb": "3.5.5",
      "react": "16.13.1",
      "react-dom": "16.13.1",
      "react-hot-loader": "4.12.20"
    },
  
  
  }

yarn manifest: 
  No manifest

Lockfile: 
  No lockfile
